{"/Users/robertwinterbottom/Projects/apollo/elastic-querybuilder/src/constants.js": {"path":"/Users/robertwinterbottom/Projects/apollo/elastic-querybuilder/src/constants.js","statementMap":{"0":{"start":{"line":1,"column":0},"end":{"line":4,"column":2}},"1":{"start":{"line":6,"column":0},"end":{"line":11,"column":2}},"2":{"start":{"line":13,"column":0},"end":{"line":24,"column":2}},"3":{"start":{"line":26,"column":0},"end":{"line":34,"column":2}},"4":{"start":{"line":36,"column":0},"end":{"line":39,"column":2}}},"fnMap":{},"branchMap":{},"s":{"0":1,"1":1,"2":1,"3":1,"4":1},"f":{},"b":{},"_coverageSchema":"332fd63041d2c1bcb487cc26dd0d5f7d97098a6c","hash":"84b9ea7783ca2792538985fdec5e8911d6cb874c"}
,"/Users/robertwinterbottom/Projects/apollo/elastic-querybuilder/src/invariant.js": {"path":"/Users/robertwinterbottom/Projects/apollo/elastic-querybuilder/src/invariant.js","statementMap":{"0":{"start":{"line":6,"column":0},"end":{"line":8,"column":2}},"1":{"start":{"line":7,"column":1},"end":{"line":7,"column":46}},"2":{"start":{"line":7,"column":19},"end":{"line":7,"column":44}}},"fnMap":{"0":{"name":"invariant","decl":{"start":{"line":6,"column":26},"end":{"line":6,"column":35}},"loc":{"start":{"line":6,"column":57},"end":{"line":8,"column":1}},"line":6}},"branchMap":{"0":{"loc":{"start":{"line":7,"column":1},"end":{"line":7,"column":46}},"type":"if","locations":[{"start":{"line":7,"column":1},"end":{"line":7,"column":46}},{"start":{"line":7,"column":1},"end":{"line":7,"column":46}}],"line":7}},"s":{"0":2,"1":8,"2":2},"f":{"0":8},"b":{"0":[2,6]},"_coverageSchema":"332fd63041d2c1bcb487cc26dd0d5f7d97098a6c","hash":"e5fbb8f0b702880a55e9d56f7caa6d051b6341a3"}
,"/Users/robertwinterbottom/Projects/apollo/elastic-querybuilder/src/utils.js": {"path":"/Users/robertwinterbottom/Projects/apollo/elastic-querybuilder/src/utils.js","statementMap":{"0":{"start":{"line":1,"column":18},"end":{"line":1,"column":40}},"1":{"start":{"line":5,"column":4},"end":{"line":5,"column":26}},"2":{"start":{"line":14,"column":26},"end":{"line":30,"column":1}},"3":{"start":{"line":15,"column":1},"end":{"line":15,"column":63}},"4":{"start":{"line":16,"column":15},"end":{"line":16,"column":30}},"5":{"start":{"line":18,"column":1},"end":{"line":29,"column":2}},"6":{"start":{"line":19,"column":15},"end":{"line":19,"column":28}},"7":{"start":{"line":21,"column":2},"end":{"line":23,"column":3}},"8":{"start":{"line":22,"column":3},"end":{"line":22,"column":18}},"9":{"start":{"line":25,"column":2},"end":{"line":25,"column":66}},"10":{"start":{"line":28,"column":2},"end":{"line":28,"column":24}},"11":{"start":{"line":32,"column":0},"end":{"line":34,"column":2}}},"fnMap":{"0":{"name":"(anonymous_0)","decl":{"start":{"line":14,"column":26},"end":{"line":14,"column":27}},"loc":{"start":{"line":14,"column":52},"end":{"line":30,"column":1}},"line":14}},"branchMap":{"0":{"loc":{"start":{"line":15,"column":12},"end":{"line":15,"column":32}},"type":"binary-expr","locations":[{"start":{"line":15,"column":12},"end":{"line":15,"column":15}},{"start":{"line":15,"column":19},"end":{"line":15,"column":23}},{"start":{"line":15,"column":27},"end":{"line":15,"column":32}}],"line":15},"1":{"loc":{"start":{"line":18,"column":1},"end":{"line":29,"column":2}},"type":"if","locations":[{"start":{"line":18,"column":1},"end":{"line":29,"column":2}},{"start":{"line":18,"column":1},"end":{"line":29,"column":2}}],"line":18},"2":{"loc":{"start":{"line":21,"column":2},"end":{"line":23,"column":3}},"type":"if","locations":[{"start":{"line":21,"column":2},"end":{"line":23,"column":3}},{"start":{"line":21,"column":2},"end":{"line":23,"column":3}}],"line":21}},"s":{"0":1,"1":1,"2":1,"3":6,"4":5,"5":5,"6":2,"7":2,"8":1,"9":2,"10":3,"11":1},"f":{"0":6},"b":{"0":[6,6,5],"1":[2,3],"2":[1,1]},"_coverageSchema":"332fd63041d2c1bcb487cc26dd0d5f7d97098a6c","hash":"19ddf05a9a250462dfe313b5cd6987db134b9ed2"}
}
