{"/Users/robertwinterbottom/Projects/apollo/elastic-querybuilder/src/invariant.js": {"path":"/Users/robertwinterbottom/Projects/apollo/elastic-querybuilder/src/invariant.js","statementMap":{"0":{"start":{"line":6,"column":0},"end":{"line":8,"column":2}},"1":{"start":{"line":7,"column":1},"end":{"line":7,"column":46}},"2":{"start":{"line":7,"column":19},"end":{"line":7,"column":44}}},"fnMap":{"0":{"name":"invariant","decl":{"start":{"line":6,"column":26},"end":{"line":6,"column":35}},"loc":{"start":{"line":6,"column":57},"end":{"line":8,"column":1}},"line":6}},"branchMap":{"0":{"loc":{"start":{"line":7,"column":1},"end":{"line":7,"column":46}},"type":"if","locations":[{"start":{"line":7,"column":1},"end":{"line":7,"column":46}},{"start":{"line":7,"column":1},"end":{"line":7,"column":46}}],"line":7}},"s":{"0":1,"1":2,"2":1},"f":{"0":2},"b":{"0":[1,1]},"_coverageSchema":"332fd63041d2c1bcb487cc26dd0d5f7d97098a6c","hash":"e5fbb8f0b702880a55e9d56f7caa6d051b6341a3"}
}
