TN:
SF:/Users/robertwinterbottom/Projects/apollo/elastic-querybuilder/src/constants.js
FNF:0
FNH:0
DA:1,1
DA:6,1
DA:13,1
DA:26,1
DA:36,1
LF:5
LH:5
BRF:0
BRH:0
end_of_record
TN:
SF:/Users/robertwinterbottom/Projects/apollo/elastic-querybuilder/src/invariant.js
FN:6,invariant
FNF:1
FNH:1
FNDA:8,invariant
DA:6,2
DA:7,8
LF:2
LH:2
BRDA:7,0,0,2
BRDA:7,0,1,6
BRF:2
BRH:2
end_of_record
TN:
SF:/Users/robertwinterbottom/Projects/apollo/elastic-querybuilder/src/utils.js
FN:14,(anonymous_0)
FNF:1
FNH:1
FNDA:6,(anonymous_0)
DA:1,1
DA:5,1
DA:14,1
DA:15,6
DA:16,5
DA:18,5
DA:19,2
DA:21,2
DA:22,1
DA:25,2
DA:28,3
DA:32,1
LF:12
LH:12
BRDA:15,0,0,6
BRDA:15,0,1,6
BRDA:15,0,2,5
BRDA:18,1,0,2
BRDA:18,1,1,3
BRDA:21,2,0,1
BRDA:21,2,1,1
BRF:7
BRH:7
end_of_record
